<?xml version="1.0" encoding="UTF-8"?>
<testng-results ignored="0" total="1" passed="1" failed="0" skipped="0">
  <reporter-output>
  </reporter-output>
  <suite started-at="2023-01-12T12:00:19 EST" name="Default suite" finished-at="2023-01-12T12:00:19 EST" duration-ms="126">
    <groups>
    </groups>
    <test started-at="2023-01-12T12:00:19 EST" name="Default test" finished-at="2023-01-12T12:00:19 EST" duration-ms="126">
      <class name="testng.TestAnnotations">
        <test-method is-config="true" signature="beforesuite()[pri:0, instance:testng.TestAnnotations@534a5a98]" started-at="2023-01-12T12:00:19 EST" name="beforesuite" finished-at="2023-01-12T12:00:19 EST" duration-ms="36" status="PASS">
          <reporter-output>
          </reporter-output>
        </test-method> <!-- beforesuite -->
        <test-method is-config="true" signature="beforetest()[pri:0, instance:testng.TestAnnotations@534a5a98]" started-at="2023-01-12T12:00:19 EST" name="beforetest" finished-at="2023-01-12T12:00:19 EST" duration-ms="1" status="PASS">
          <reporter-output>
          </reporter-output>
        </test-method> <!-- beforetest -->
        <test-method is-config="true" signature="beforeclass()[pri:0, instance:testng.TestAnnotations@534a5a98]" started-at="2023-01-12T12:00:19 EST" name="beforeclass" finished-at="2023-01-12T12:00:19 EST" duration-ms="1" status="PASS">
          <reporter-output>
          </reporter-output>
        </test-method> <!-- beforeclass -->
        <test-method is-config="true" signature="beforemethod()[pri:0, instance:testng.TestAnnotations@534a5a98]" started-at="2023-01-12T12:00:19 EST" name="beforemethod" finished-at="2023-01-12T12:00:19 EST" duration-ms="1" status="PASS">
          <reporter-output>
          </reporter-output>
        </test-method> <!-- beforemethod -->
        <test-method signature="test()[pri:0, instance:testng.TestAnnotations@534a5a98]" started-at="2023-01-12T12:00:19 EST" name="test" finished-at="2023-01-12T12:00:19 EST" duration-ms="13" status="PASS">
          <reporter-output>
          </reporter-output>
        </test-method> <!-- test -->
        <test-method is-config="true" signature="aftermethod()[pri:0, instance:testng.TestAnnotations@534a5a98]" started-at="2023-01-12T12:00:19 EST" name="aftermethod" finished-at="2023-01-12T12:00:19 EST" duration-ms="0" status="PASS">
          <reporter-output>
          </reporter-output>
        </test-method> <!-- aftermethod -->
        <test-method is-config="true" signature="afterclass()[pri:0, instance:testng.TestAnnotations@534a5a98]" started-at="2023-01-12T12:00:19 EST" name="afterclass" finished-at="2023-01-12T12:00:19 EST" duration-ms="1" status="PASS">
          <reporter-output>
          </reporter-output>
        </test-method> <!-- afterclass -->
        <test-method is-config="true" signature="aftertest()[pri:0, instance:testng.TestAnnotations@534a5a98]" started-at="2023-01-12T12:00:19 EST" name="aftertest" finished-at="2023-01-12T12:00:19 EST" duration-ms="0" status="PASS">
          <reporter-output>
          </reporter-output>
        </test-method> <!-- aftertest -->
        <test-method is-config="true" signature="aftersuite()[pri:0, instance:testng.TestAnnotations@534a5a98]" started-at="2023-01-12T12:00:19 EST" name="aftersuite" finished-at="2023-01-12T12:00:19 EST" duration-ms="0" status="PASS">
          <reporter-output>
          </reporter-output>
        </test-method> <!-- aftersuite -->
      </class> <!-- testng.TestAnnotations -->
    </test> <!-- Default test -->
  </suite> <!-- Default suite -->
</testng-results>
